C51 COMPILER V9.01   RF                                                                    12/15/2017 21:49:21 PAGE 1   


C51 COMPILER V9.01, COMPILATION OF MODULE RF
OBJECT MODULE PLACED IN .\RF.obj
COMPILER INVOKED BY: D:\Program Files (x86)\keil\C51\BIN\C51.EXE ..\src\user\RF.c BROWSE INCDIR(..\src\inc) DEBUG OBJECT
                    -EXTEND PRINT(.\list\RF.lst) OBJECT(.\RF.obj)

line level    source

   1          #include "SP37_ROMLibrary.h"
   2          #include<SP37.h>
   3          #include<RF.h>
   4          
   5          
   6          /*
   7          unsigned char Scale_Pressure_For_RF(signed int idata Measurement_Result)
   8          {               
   9                  return Scale_Pressure(&Measurement_Result);
  10          }
  11          */
  12          
  13          //      1+  1+       1+          2+           2+      2+        1 = 10
  14          //IDH+IDL+Pressure+Temperature+Acceleration+Voltage+CRC = 10
  15          //#define RF_DATA_BYTES 10
  16          
  17          //           4+            1+       2+          2+           2+      2+  1 = 14
  18          //UniqueId+Tyre_Position+Pressure+Temperature+Acceleration+Voltage+CRC = 14
  19          #define RF_DATA_BYTES 14
  20          
  21          
  22          //DATA位于数组中的第9个
  23          #define RF_DATA_HEAD  9
  24          
  25          
  26          char Send_RF(T_SP37_DATA idata t_sp37_data)
  27          {       
  28   1              //原始数据
  29   1              unsigned char idata RF_Array[]={
  30   1                      0x00,                    //START of TABLE
  31   1      
  32   1                      //以下配置发射数据包时 延时一个随机时间
  33   1                      //随机时间来之SP37内部的随机数发生器
  34   1                      0xDD,                    //Delay Pattern descriptor
  35   1                      0,                       //DURATION = 0ms
  36   1                      100,                     //RANDOM = 100,将会产生0-100ms的随机延时
  37   1      
  38   1      
  39   1                      //以下配置数据包
  40   1                      0x00,                    //TYPE for Manchester
  41   1                      
  42   1                      (2+1+RF_DATA_BYTES)*8,   //DATA_LANGTH = (WAKE UP + SYNS + DATA)*8bit
  43   1      
  44   1                      0x00,
  45   1                      0x00,                    //WAKE UP
  46   1                      
  47   1                      0x15,                    //SYNC
  48   1      
  49   1                      0x00,                    //DATA(RF_DATA_BYTES 个 DATA) 这里默认14个数据
  50   1                      0x00,
  51   1                      0x00,
  52   1                      0x00,
  53   1                      0x00,
  54   1                      0x00,
C51 COMPILER V9.01   RF                                                                    12/15/2017 21:49:21 PAGE 2   

  55   1                      0x00,
  56   1                      0x00,
  57   1                      0x00,
  58   1                      0x00,
  59   1                      0x00,
  60   1                      0x00,
  61   1                      0x00,
  62   1                      0x00,
  63   1                      
  64   1                      0xF1,                    //END  如果需要重复发多包数据，可以修改此值
  65   1                                   //详情SP37_Rom_Lib_Guide.pdf
  66   1              };
  67   1      
  68   1              RF_Array[RF_DATA_HEAD + 0] = (unsigned char)(t_sp37_data.ID_Result.ID>>24);  //ID最高位
  69   1              RF_Array[RF_DATA_HEAD + 1] = (unsigned char)(t_sp37_data.ID_Result.ID>>16);
  70   1              RF_Array[RF_DATA_HEAD + 2] = (unsigned char)(t_sp37_data.ID_Result.ID>>8);
  71   1              RF_Array[RF_DATA_HEAD + 3] = (unsigned char)(t_sp37_data.ID_Result.ID);      //ID最低位
  72   1              RF_Array[RF_DATA_HEAD + 4] = (unsigned char)t_sp37_data.Tyre_Position;
  73   1              RF_Array[RF_DATA_HEAD + 5] = t_sp37_data.Pressure >> 8;
  74   1              RF_Array[RF_DATA_HEAD + 6] = t_sp37_data.Pressure;
  75   1              RF_Array[RF_DATA_HEAD + 7] = t_sp37_data.Temperature >> 8;
  76   1              RF_Array[RF_DATA_HEAD + 8] = t_sp37_data.Temperature;
  77   1              RF_Array[RF_DATA_HEAD + 9] = t_sp37_data.Acceleration>>8;
  78   1              RF_Array[RF_DATA_HEAD + 10] = t_sp37_data.Acceleration;
  79   1              RF_Array[RF_DATA_HEAD + 11] = t_sp37_data.Voltage>>8;
  80   1              RF_Array[RF_DATA_HEAD + 12] = t_sp37_data.Voltage;
  81   1      
  82   1              RF_Array[RF_DATA_HEAD + 13] = CRC_Baicheva_Calculate(&RF_Array[RF_DATA_HEAD],13);       
  83   1      
  84   1              return Send_RF_Data(RF_Array);
  85   1      }
  86          


MODULE INFORMATION:   STATIC OVERLAYABLE
   CODE SIZE        =    141    ----
   CONSTANT SIZE    =     24    ----
   XDATA SIZE       =   ----    ----
   PDATA SIZE       =   ----    ----
   DATA SIZE        =   ----      17
   IDATA SIZE       =   ----      24
   BIT SIZE         =   ----    ----
END OF MODULE INFORMATION.


C51 COMPILATION COMPLETE.  0 WARNING(S),  0 ERROR(S)
