C51 COMPILER V9.01   UART                                                                  12/15/2017 21:49:21 PAGE 1   


C51 COMPILER V9.01, COMPILATION OF MODULE UART
OBJECT MODULE PLACED IN .\uart.obj
COMPILER INVOKED BY: D:\Program Files (x86)\keil\C51\BIN\C51.EXE ..\src\user\uart.c BROWSE INCDIR(..\src\inc) DEBUG OBJE
                    -CTEXTEND PRINT(.\list\uart.lst) OBJECT(.\uart.obj)

line level    source

   1          #include<Reg_SP37.h>
   2          #include<uart.h>
   3          
   4          //在PP2端口输出数据
   5          //用到的资源
   6          //1.TIME0
   7          //2.PP2
   8          
   9          //System clock = 12Mhz
  10          //配置为波特率19200
  11          
  12          static void PP2(unsigned char HIGH_Or_LOW);
  13          
  14          #define HIGH 1
  15          #define LOW      0
  16          
  17          void Uart_Init(void)
  18          {
  19   1              //PP2配置为输出
  20   1              //默认上拉高电平
  21   1              P1DIR &= ~(1<<2);
  22   1              P1OUT |= (1<<2);
  23   1              P1SENS &= ~(1<<2);
  24   1      
  25   1              PP2(HIGH);
  26   1      }
  27          
  28          static void PP2(unsigned char HIGH_Or_LOW)
  29          {
  30   1              if(HIGH_Or_LOW)
  31   1                      P1OUT |= (1<<2);        
  32   1              else
  33   1                      P1OUT &= ~(1<<2);
  34   1      }
  35          
  36          char putchar (unsigned char char_to_send)
  37          {
  38   1              unsigned char i;
  39   1              unsigned char TMOD_old, TL0_old, TH0_old;
  40   1      
  41   1              //保存之前的设置，以备还原
  42   1              TMOD_old = TMOD;
  43   1              TH0_old = TH0;
  44   1              TL0_old = TL0;
  45   1      
  46   1              TMOD = (1<<4) | (2<<0); // System clock divided by SFR DIVIC and 8
  47   1                                                                                                              // 利用System clock/8时钟提供给定时器 System clock = 12Mhz
  48   1                                                                                                              // Mode 2:two 8 bit timers w/ reload
  49   1              TH0 = 0x4E;                                                     //19200 计算出来的值约等于78.125
  50   1              TL0 = 0x4E;
  51   1              
  52   1              //初始化(前期时间不稳定)
  53   1              PP2(HIGH);
  54   1              T0RUN = 1;
C51 COMPILER V9.01   UART                                                                  12/15/2017 21:49:21 PAGE 2   

  55   1              IDLE = 1;
  56   1              T0FULL = 0;
  57   1      
  58   1              //发送 起始位
  59   1              PP2(LOW);
  60   1              IDLE = 1;
  61   1              T0FULL = 0;
  62   1              
  63   1              //发送8位数据
  64   1              for(i=0;i<8;i++)
  65   1              {
  66   2                      if(char_to_send & 0x01)
  67   2                              PP2(HIGH);
  68   2                      else
  69   2                              PP2(LOW);
  70   2                      char_to_send >>= 1;
  71   2                      IDLE = 1;
  72   2                      T0FULL = 0;
  73   2              }
  74   1      
  75   1              //发送停止位
  76   1              PP2(HIGH);
  77   1              IDLE = 1;
  78   1              T0FULL = 0;
  79   1      
  80   1              //还原设置
  81   1              T0RUN = 0;
  82   1              TMOD = TMOD_old;
  83   1              TH0 = TH0_old;
  84   1              TL0 = TL0_old;
  85   1      
  86   1              return 0;
  87   1      }
  88          


MODULE INFORMATION:   STATIC OVERLAYABLE
   CODE SIZE        =    107    ----
   CONSTANT SIZE    =   ----    ----
   XDATA SIZE       =   ----    ----
   PDATA SIZE       =   ----    ----
   DATA SIZE        =   ----    ----
   IDATA SIZE       =   ----    ----
   BIT SIZE         =   ----    ----
END OF MODULE INFORMATION.


C51 COMPILATION COMPLETE.  0 WARNING(S),  0 ERROR(S)
